<?xml version="1.0" encoding="UTF-8"?>
<testsuite name="htw.webtech.financeMaster.test.RestServiceApplicationTests" tests="1" skipped="0" failures="0" errors="0" timestamp="2025-10-24T15:22:15.582Z" hostname="Tomers-MacBook-Air.local" time="0.003">
  <properties/>
  <testcase name="contextLoads()" classname="htw.webtech.financeMaster.test.RestServiceApplicationTests" time="0.003"/>
  <system-out><![CDATA[
  .   ____          _            __ _ _
 /\\ / ___'_ __ _ _(_)_ __  __ _ \ \ \ \
( ( )\___ | '_ | '_| | '_ \/ _` | \ \ \ \
 \\/  ___)| |_)| | | | | || (_| |  ) ) ) )
  '  |____| .__|_| |_|_| |_\__, | / / / /
 =========|_|==============|___/=/_/_/_/

 :: Spring Boot ::                (v3.5.6)

2025-10-24T17:22:15.380+02:00  INFO 14723 --- [finance-master] [    Test worker] h.w.f.test.RestServiceApplicationTests   : Starting RestServiceApplicationTests using Java 25 with PID 14723 (started by tomer in /Users/tomer/Desktop/FinanceMaster)
2025-10-24T17:22:15.380+02:00  INFO 14723 --- [finance-master] [    Test worker] h.w.f.test.RestServiceApplicationTests   : No active profile set, falling back to 1 default profile: "default"
2025-10-24T17:22:15.421+02:00  INFO 14723 --- [finance-master] [    Test worker] .s.d.r.c.RepositoryConfigurationDelegate : Bootstrapping Spring Data JPA repositories in DEFAULT mode.
2025-10-24T17:22:15.424+02:00  INFO 14723 --- [finance-master] [    Test worker] .s.d.r.c.RepositoryConfigurationDelegate : Finished Spring Data repository scanning in 2 ms. Found 3 JPA repository interfaces.
2025-10-24T17:22:15.470+02:00  INFO 14723 --- [finance-master] [    Test worker] o.hibernate.jpa.internal.util.LogHelper  : HHH000204: Processing PersistenceUnitInfo [name: default]
2025-10-24T17:22:15.471+02:00  INFO 14723 --- [finance-master] [    Test worker] o.h.c.internal.RegionFactoryInitiator    : HHH000026: Second-level cache disabled
2025-10-24T17:22:15.474+02:00  INFO 14723 --- [finance-master] [    Test worker] o.s.o.j.p.SpringPersistenceUnitInfo      : No LoadTimeWeaver setup: ignoring JPA class transformer
2025-10-24T17:22:15.475+02:00  INFO 14723 --- [finance-master] [    Test worker] com.zaxxer.hikari.HikariDataSource       : HikariPool-2 - Starting...
2025-10-24T17:22:15.475+02:00  INFO 14723 --- [finance-master] [    Test worker] com.zaxxer.hikari.pool.HikariPool        : HikariPool-2 - Added connection conn10: url=jdbc:h2:mem:testdb user=SA
2025-10-24T17:22:15.475+02:00  INFO 14723 --- [finance-master] [    Test worker] com.zaxxer.hikari.HikariDataSource       : HikariPool-2 - Start completed.
2025-10-24T17:22:15.476+02:00  INFO 14723 --- [finance-master] [    Test worker] org.hibernate.orm.connections.pooling    : HHH10001005: Database info:
	Database JDBC URL [Connecting through datasource 'HikariDataSource (HikariPool-2)']
	Database driver: undefined/unknown
	Database version: 2.3.232
	Autocommit mode: undefined/unknown
	Isolation level: undefined/unknown
	Minimum pool size: undefined/unknown
	Maximum pool size: undefined/unknown
2025-10-24T17:22:15.494+02:00  INFO 14723 --- [finance-master] [    Test worker] o.h.e.t.j.p.i.JtaPlatformInitiator       : HHH000489: No JTA platform available (set 'hibernate.transaction.jta.platform' to enable JTA platform integration)
2025-10-24T17:22:15.499+02:00  INFO 14723 --- [finance-master] [    Test worker] j.LocalContainerEntityManagerFactoryBean : Initialized JPA EntityManagerFactory for persistence unit 'default'
2025-10-24T17:22:15.541+02:00  WARN 14723 --- [finance-master] [    Test worker] JpaBaseConfiguration$JpaWebConfiguration : spring.jpa.open-in-view is enabled by default. Therefore, database queries may be performed during view rendering. Explicitly configure spring.jpa.open-in-view to disable this warning
2025-10-24T17:22:15.574+02:00  INFO 14723 --- [finance-master] [    Test worker] o.s.b.a.h2.H2ConsoleAutoConfiguration    : H2 console available at '/h2-console'. Database available at 'jdbc:h2:mem:testdb'
2025-10-24T17:22:15.582+02:00  INFO 14723 --- [finance-master] [    Test worker] h.w.f.test.RestServiceApplicationTests   : Started RestServiceApplicationTests in 0.211 seconds (process running for 3.487)
]]></system-out>
  <system-err><![CDATA[]]></system-err>
</testsuite>
